#
# There is insufficient memory for the Java Runtime Environment to continue.
# Native memory allocation (mmap) failed to map 268435456 bytes. Error detail: G1 virtual space
# Possible reasons:
#   The system is out of physical RAM or swap space
#   This process is running with CompressedOops enabled, and the Java Heap may be blocking the growth of the native heap
# Possible solutions:
#   Reduce memory load on the system
#   Increase physical memory or swap space
#   Check if swap backing store is full
#   Decrease Java heap size (-Xmx/-Xms)
#   Decrease number of Java threads
#   Decrease Java thread stack sizes (-Xss)
#   Set larger code cache with -XX:ReservedCodeCacheSize=
#   JVM is running with Zero Based Compressed Oops mode in which the Java heap is
#     placed in the first 32GB address space. The Java Heap base address is the
#     maximum limit for the native heap growth. Please use -XX:HeapBaseMinAddress
#     to set the Java Heap base and to place the Java Heap above 32GB virtual address.
# This output file may be truncated or incomplete.
#
#  Out of Memory Error (os_windows.cpp:3825), pid=11348, tid=10580
#
# JRE version:  (17.0.11) (build )
# Java VM: OpenJDK 64-Bit Server VM (17.0.11+0--11852314, mixed mode, sharing, tiered, compressed oops, compressed class ptrs, g1 gc, windows-amd64)
# No core dump will be written. Minidumps are not enabled by default on client versions of Windows
#

---------------  S U M M A R Y ------------

Command Line: git4idea.http.GitAskPassApp Username for 'https://github.com': 

Host: Intel(R) Core(TM) i7-7600U CPU @ 2.80GHz, 4 cores, 15G,  Windows 10 , 64 bit Build 19041 (10.0.19041.3636)
Time: Fri Aug 16 12:51:54 2024 India Standard Time elapsed time: 0.040533 seconds (0d 0h 0m 0s)

---------------  T H R E A D  ---------------

Current thread (0x0000014849f6eaf0):  JavaThread "Unknown thread" [_thread_in_vm, id=10580, stack(0x00000039cf400000,0x00000039cf500000)]

Stack: [0x00000039cf400000,0x00000039cf500000]
Native frames: (J=compiled Java code, j=interpreted, Vv=VM code, C=native code)
V  [jvm.dll+0x687bb9]
V  [jvm.dll+0x84142a]
V  [jvm.dll+0x8430ae]
V  [jvm.dll+0x843713]
V  [jvm.dll+0x24a35f]
V  [jvm.dll+0x684989]
V  [jvm.dll+0x67923a]
V  [jvm.dll+0x30af0b]
V  [jvm.dll+0x3123b6]
V  [jvm.dll+0x361dfe]
V  [jvm.dll+0x36202f]
V  [jvm.dll+0x2e0d38]
V  [jvm.dll+0x2e1ca4]
V  [jvm.dll+0x811f21]
V  [jvm.dll+0x36fb68]
V  [jvm.dll+0x7f0896]
V  [jvm.dll+0x3f3d2f]
V  [jvm.dll+0x3f58e1]
C  [jli.dll+0x528f]
C  [ucrtbase.dll+0x21bb2]
C  [KERNEL32.DLL+0x17344]
C  [ntdll.dll+0x4cc91]


---------------  P R O C E S S  ---------------

Threads class SMR info:
_java_thread_list=0x00007ffc5540efd8, length=0, elements={
}

Java Threads: ( => current thread )

Other Threads:
  0x000001484bfb7530 GCTaskThread "GC Thread#0" [stack: 0x00000039cf500000,0x00000039cf600000] [id=5716]
  0x000001484bfc8290 ConcurrentGCThread "G1 Main Marker" [stack: 0x00000039cf600000,0x00000039cf700000] [id=9124]
  0x000001484bfc8cb0 ConcurrentGCThread "G1 Conc#0" [stack: 0x00000039cf700000,0x00000039cf800000] [id=9396]

[error occurred during error reporting (printing all threads), id 0xc0000005, EXCEPTION_ACCESS_VIOLATION (0xc0000005) at pc=0x00007ffc54bc1907]

VM state: not at safepoint (not fully initialized)

VM Mutex/Monitor currently owned by a thread:  ([mutex/lock_event])
[0x0000014849f6ddc0] Heap_lock - owner thread: 0x0000014849f6eaf0

Heap address: 0x0000000701e00000, size: 4066 MB, Compressed Oops mode: Zero based, Oop shift amount: 3

CDS archive(s) mapped at: [0x0000000000000000-0x0000000000000000-0x0000000000000000), size 0, SharedBaseAddress: 0x0000000800000000, ArchiveRelocationMode: 1.
Narrow klass base: 0x0000000000000000, Narrow klass shift: 0, Narrow klass range: 0x0

GC Precious Log:
<Empty>

Heap:
 garbage-first heap   total 0K, used 0K [0x0000000701e00000, 0x0000000800000000)
  region size 2048K, 0 young (0K), 0 survivors (0K)
 Metaspace       used 0K, committed 0K, reserved 0K
  class space    used 0K, committed 0K, reserved 0K

Heap Regions: E=young(eden), S=young(survivor), O=old, HS=humongous(starts), HC=humongous(continues), CS=collection set, F=free, OA=open archive, CA=closed archive, TAMS=top-at-mark-start (previous, next)

Card table byte_map: [0x000001485ec30000,0x000001485f430000] _byte_map_base: 0x000001485b421000

Marking Bits (Prev, Next): (CMBitMap*) 0x000001484bfb7b50, (CMBitMap*) 0x000001484bfb7b90
 Prev Bits: [0x000001485fc30000, 0x0000014863bb8000)
 Next Bits: [0x0000014863bc0000, 0x0000014867b48000)

GC Heap History (0 events):
No events

Dll operation events (1 events):
Event: 0.025 Loaded shared library C:\Program Files\Android\Android Studio\jbr\bin\java.dll

Deoptimization events (0 events):
No events

Classes unloaded (0 events):
No events

Classes redefined (0 events):
No events

Internal exceptions (0 events):
No events

VM Operations (0 events):
No events

Events (0 events):
No events


Dynamic libraries:
0x00007ff7bdfa0000 - 0x00007ff7bdfaa000 	C:\Program Files\Android\Android Studio\jbr\bin\java.exe
0x00007ffcbebf0000 - 0x00007ffcbede8000 	C:\Windows\SYSTEM32\ntdll.dll
0x00007ffcbe0a0000 - 0x00007ffcbe15d000 	C:\Windows\System32\KERNEL32.DLL
0x00007ffcbc2b0000 - 0x00007ffcbc5a6000 	C:\Windows\System32\KERNELBASE.dll
0x00007ffcbc5b0000 - 0x00007ffcbc6b0000 	C:\Windows\System32\ucrtbase.dll
0x00007ffc8e430000 - 0x00007ffc8e447000 	C:\Program Files\Android\Android Studio\jbr\bin\jli.dll
0x00007ffc57340000 - 0x00007ffc5735b000 	C:\Program Files\Android\Android Studio\jbr\bin\VCRUNTIME140.dll
0x00007ffcbd1b0000 - 0x00007ffcbd34f000 	C:\Windows\System32\USER32.dll
0x00007ffcaa090000 - 0x00007ffcaa32a000 	C:\Windows\WinSxS\amd64_microsoft.windows.common-controls_6595b64144ccf1df_6.0.19041.4355_none_60b8b9eb71f62e16\COMCTL32.dll
0x00007ffcbc6b0000 - 0x00007ffcbc6d2000 	C:\Windows\System32\win32u.dll
0x00007ffcbd0e0000 - 0x00007ffcbd10b000 	C:\Windows\System32\GDI32.dll
0x00007ffcbcd20000 - 0x00007ffcbcdbe000 	C:\Windows\System32\msvcrt.dll
0x00007ffcbc9b0000 - 0x00007ffcbcac7000 	C:\Windows\System32\gdi32full.dll
0x00007ffcbc7e0000 - 0x00007ffcbc87d000 	C:\Windows\System32\msvcp_win.dll
0x00007ffcbd110000 - 0x00007ffcbd13f000 	C:\Windows\System32\IMM32.DLL
0x00007ffcb5400000 - 0x00007ffcb540c000 	C:\Program Files\Android\Android Studio\jbr\bin\vcruntime140_1.dll
0x00007ffc460d0000 - 0x00007ffc4615d000 	C:\Program Files\Android\Android Studio\jbr\bin\msvcp140.dll
0x00007ffc548d0000 - 0x00007ffc55553000 	C:\Program Files\Android\Android Studio\jbr\bin\server\jvm.dll
0x00007ffcbd030000 - 0x00007ffcbd0e0000 	C:\Windows\System32\ADVAPI32.dll
0x00007ffcbcdc0000 - 0x00007ffcbce60000 	C:\Windows\System32\sechost.dll
0x00007ffcbe310000 - 0x00007ffcbe433000 	C:\Windows\System32\RPCRT4.dll
0x00007ffcbc8f0000 - 0x00007ffcbc917000 	C:\Windows\System32\bcrypt.dll
0x00007ffca1b20000 - 0x00007ffca1b47000 	C:\Windows\SYSTEM32\WINMM.dll
0x00007ffcb3140000 - 0x00007ffcb314a000 	C:\Windows\SYSTEM32\VERSION.dll
0x00007ffcbb7e0000 - 0x00007ffcbb82b000 	C:\Windows\SYSTEM32\POWRPROF.dll
0x00007ffcaa360000 - 0x00007ffcaa369000 	C:\Windows\SYSTEM32\WSOCK32.dll
0x00007ffcbdb90000 - 0x00007ffcbdbfb000 	C:\Windows\System32\ws2_32.DLL
0x00007ffcbb6a0000 - 0x00007ffcbb6b2000 	C:\Windows\SYSTEM32\UMPDC.dll
0x00007ffcba130000 - 0x00007ffcba142000 	C:\Windows\SYSTEM32\kernel.appcore.dll
0x00007ffc97540000 - 0x00007ffc9754a000 	C:\Program Files\Android\Android Studio\jbr\bin\jimage.dll
0x00007ffc9fc40000 - 0x00007ffc9fe24000 	C:\Windows\SYSTEM32\DBGHELP.DLL
0x00007ffc9fc00000 - 0x00007ffc9fc34000 	C:\Windows\SYSTEM32\dbgcore.DLL
0x00007ffcbc920000 - 0x00007ffcbc9a2000 	C:\Windows\System32\bcryptPrimitives.dll
0x00007ffc92820000 - 0x00007ffc92845000 	C:\Program Files\Android\Android Studio\jbr\bin\java.dll

dbghelp: loaded successfully - version: 4.0.5 - missing functions: none
symbol engine: initialized successfully - sym options: 0x614 - pdb path: .;C:\Program Files\Android\Android Studio\jbr\bin;C:\Windows\SYSTEM32;C:\Windows\WinSxS\amd64_microsoft.windows.common-controls_6595b64144ccf1df_6.0.19041.4355_none_60b8b9eb71f62e16;C:\Program Files\Android\Android Studio\jbr\bin\server

VM Arguments:
java_command: git4idea.http.GitAskPassApp Username for 'https://github.com': 
java_class_path (initial): C:/Program Files/Android/Android Studio/plugins/vcs-git/lib/git4idea-rt.jar;C:/Program Files/Android/Android Studio/lib/externalProcess-rt.jar
Launcher Type: SUN_STANDARD

[Global flags]
     intx CICompilerCount                          = 3                                         {product} {ergonomic}
     uint ConcGCThreads                            = 1                                         {product} {ergonomic}
     uint G1ConcRefinementThreads                  = 4                                         {product} {ergonomic}
   size_t G1HeapRegionSize                         = 2097152                                   {product} {ergonomic}
    uintx GCDrainStackTargetSize                   = 64                                        {product} {ergonomic}
   size_t InitialHeapSize                          = 268435456                                 {product} {ergonomic}
   size_t MarkStackSize                            = 4194304                                   {product} {ergonomic}
   size_t MaxHeapSize                              = 4263510016                                {product} {ergonomic}
   size_t MinHeapDeltaBytes                        = 2097152                                   {product} {ergonomic}
   size_t MinHeapSize                              = 8388608                                   {product} {ergonomic}
    uintx NonNMethodCodeHeapSize                   = 5832780                                {pd product} {ergonomic}
    uintx NonProfiledCodeHeapSize                  = 122912730                              {pd product} {ergonomic}
    uintx ProfiledCodeHeapSize                     = 122912730                              {pd product} {ergonomic}
    uintx ReservedCodeCacheSize                    = 251658240                              {pd product} {ergonomic}
     bool SegmentedCodeCache                       = true                                      {product} {ergonomic}
   size_t SoftMaxHeapSize                          = 4263510016                             {manageable} {ergonomic}
     bool UseCompressedClassPointers               = true                           {product lp64_product} {ergonomic}
     bool UseCompressedOops                        = true                           {product lp64_product} {ergonomic}
     bool UseG1GC                                  = true                                      {product} {ergonomic}
     bool UseLargePagesIndividualAllocation        = false                                  {pd product} {ergonomic}

Logging:
Log output configuration:
 #0: stdout all=warning uptime,level,tags
 #1: stderr all=off uptime,level,tags

Environment Variables:
PATH=C:\Program Files\Git\mingw64\libexec\git-core;C:\Program Files\Git\mingw64\libexec\git-core;C:\Program Files\Git\mingw64\bin;C:\Program Files\Git\usr\bin;C:\Users\LENOVO\bin;C:\Windows\system32;C:\Windows;C:\Windows\System32\Wbem;C:\Windows\System32\WindowsPowerShell\v1.0;C:\Windows\System32\OpenSSH;C:\Program Files (x86)\Intel\Intel(R) Management Engine Components\DAL;C:\Program Files\Intel\Intel(R) Management Engine Components\DAL;C:\Program Files\Git\cmd;C:\Users\LENOVO\AppData\Local\Microsoft\WindowsApps
USERNAME=LENOVO
DISPLAY=:0.0
LC_ALL=en_US.UTF-8
TERM=xterm-256color
TMPDIR=C:\Users\LENOVO\AppData\Local\Temp
OS=Windows_NT
PROCESSOR_IDENTIFIER=Intel64 Family 6 Model 142 Stepping 9, GenuineIntel
TMP=C:\Users\LENOVO\AppData\Local\Temp
TEMP=C:\Users\LENOVO\AppData\Local\Temp



Periodic native trim disabled

JNI global refs:
JNI global refs: 0, weak refs: 0

JNI global refs memory usage: 0, weak refs: 0

Process memory usage:
Resident Set Size: 11260K (0% of 16653608K total physical memory with 163656K free physical memory)

OOME stack traces (most recent first):
Classloader memory used:


---------------  S Y S T E M  ---------------

OS:
 Windows 10 , 64 bit Build 19041 (10.0.19041.3636)
OS uptime: 0 days 3:07 hours

CPU: total 4 (initial active 4) (2 cores per cpu, 2 threads per core) family 6 model 142 stepping 9 microcode 0xb4, cx8, cmov, fxsr, ht, mmx, 3dnowpref, sse, sse2, sse3, ssse3, sse4.1, sse4.2, popcnt, lzcnt, tsc, tscinvbit, avx, avx2, aes, erms, clmul, bmi1, bmi2, rtm, adx, fma, vzeroupper, clflush, clflushopt
Processor Information for all 4 processors :
  Max Mhz: 2904, Current Mhz: 2803, Mhz Limit: 2787

Memory: 4k page, system-wide physical 16263M (159M free)
TotalPageFile size 28599M (AvailPageFile size 115M)
current process WorkingSet (physical memory assigned to process): 11M, peak: 11M
current process commit charge ("private bytes"): 52M, peak: 307M

vm_info: OpenJDK 64-Bit Server VM (17.0.11+0--11852314) for windows-amd64 JRE (17.0.11+0--11852314), built on May 16 2024 21:29:20 by "androidbuild" with MS VC++ 16.10 / 16.11 (VS2019)

END.
